<?xml version="1.0" encoding="UTF-8"?>
<robot generator="Robot 4.1.2 (Python 3.9.7 on darwin)" generated="20211215 10:11:10.908" rpa="false" schemaversion="2">
<suite id="s1" name="TC1 GET Request toJSON" source="/Users/yadav.hariom/PycharmProjects/pythonProjectRobotFramework/TestCases/TC1_GET_Request_toJSON.robot">
<test id="s1-t1" name="GET_Call">
<kw name="Create Session" library="RequestsLibrary">
<arg>my_session_obj</arg>
<arg>${base_url}</arg>
<doc>Create Session: create a HTTP session to a server</doc>
<msg timestamp="20211215 10:11:11.237" level="INFO">Creating Session using : alias=my_session_obj, url=https://reqres.in, headers={},                     cookies={}, auth=None, timeout=None, proxies=None, verify=False,                     debug=0 </msg>
<status status="PASS" starttime="20211215 10:11:11.237" endtime="20211215 10:11:11.237"/>
</kw>
<kw name="GET On Session" library="RequestsLibrary">
<var>${my_response}</var>
<arg>my_session_obj</arg>
<arg>/api/users/${id}</arg>
<doc>Sends a GET request on a previously created HTTP Session.</doc>
<msg timestamp="20211215 10:11:11.360" level="INFO">GET Request : url=https://reqres.in/api/users/2 
 path_url=/api/users/2 
 headers={'User-Agent': 'python-requests/2.26.0', 'Accept-Encoding': 'gzip, deflate', 'Accept': '*/*', 'Connection': 'keep-alive'} 
 body=None 
 </msg>
<msg timestamp="20211215 10:11:11.361" level="INFO">GET Response : url=https://reqres.in/api/users/2 
 status=200, reason=OK 
 headers={'Date': 'Wed, 15 Dec 2021 04:41:11 GMT', 'Content-Type': 'application/json; charset=utf-8', 'Transfer-Encoding': 'chunked', 'Connection': 'keep-alive', 'x-powered-by': 'Express', 'access-control-allow-origin': '*', 'etag': 'W/"118-pbdwwFo9SKNhD3Lx5iHJyngpq00"', 'via': '1.1 vegur', 'Cache-Control': 'max-age=14400', 'CF-Cache-Status': 'HIT', 'Age': '1711', 'Expect-CT': 'max-age=604800, report-uri="https://report-uri.cloudflare.com/cdn-cgi/beacon/expect-ct"', 'Report-To': '{"endpoints":[{"url":"https:\\/\\/a.nel.cloudflare.com\\/report\\/v3?s=3lBfoGXMEq5mhFyD7pLgBtk7Djutrmipd19nfSpM2a0S6JpftaHA%2FwohybcbmZwyIcTWUVcJvyL5u8Wu86kglwPcWlu8Md6IJ6URDFEIEE2Ze2Lng9R67891cR0%3D"}],"group":"cf-nel","max_age":604800}', 'NEL': '{"success_fraction":0,"report_to":"cf-nel","max_age":604800}', 'Vary': 'Accept-Encoding', 'Server': 'cloudflare', 'CF-RAY': '6bdcff8819954adb-HYD', 'Content-Encoding': 'gzip', 'Alt-Svc': 'h3-29=":443"; ma=86400, h3-28=":443"; ma=86400, h3-27=":443"; ma=86400'} 
 body={"data":{"id":2,"email":"janet.weaver@reqres.in","first_name":"Janet","last_name":"Weaver","avatar":"https://reqres.in/img/faces/2-image.jpg"},"support":{"url":"https://reqres.in/#support-heading","text":"To keep ReqRes free, contributions towards server costs are appreciated!"}} 
 </msg>
<msg timestamp="20211215 10:11:11.361" level="INFO">/Users/yadav.hariom/PycharmProjects/pythonProjectRobotFramework/venv/lib/python3.9/site-packages/urllib3/connectionpool.py:1013: InsecureRequestWarning: Unverified HTTPS request is being made to host 'reqres.in'. Adding certificate verification is strongly advised. See: https://urllib3.readthedocs.io/en/1.26.x/advanced-usage.html#ssl-warnings
  warnings.warn(</msg>
<msg timestamp="20211215 10:11:11.361" level="INFO">${my_response} = &lt;Response [200]&gt;</msg>
<status status="PASS" starttime="20211215 10:11:11.238" endtime="20211215 10:11:11.361"/>
</kw>
<kw name="Log To Console" library="BuiltIn">
<arg>"actual response : "${my_response}</arg>
<doc>Logs the given message to the console.</doc>
<status status="PASS" starttime="20211215 10:11:11.361" endtime="20211215 10:11:11.362"/>
</kw>
<kw name="To Json" library="RequestsLibrary">
<var>${content_in_json}</var>
<arg>${my_response.content}</arg>
<doc>*DEPRECATED* Please use ${resp.json()} instead. Have a look at the improved HTML output as pretty printing replacement.</doc>
<msg timestamp="20211215 10:11:11.362" level="WARN">Keyword 'RequestsLibrary.To Json' is deprecated. Please use ${resp.json()} instead. Have a look at the improved HTML output as pretty printing replacement.</msg>
<msg timestamp="20211215 10:11:11.363" level="INFO">To JSON using : content={"data":{"id":2,"email":"janet.weaver@reqres.in","first_name":"Janet","last_name":"Weaver","avatar":"https://reqres.in/img/faces/2-image.jpg"},"support":{"url":"https://reqres.in/#support-heading","text":"To keep ReqRes free, contributions towards server costs are appreciated!"}} </msg>
<msg timestamp="20211215 10:11:11.363" level="INFO">To JSON using : pretty_print=False </msg>
<msg timestamp="20211215 10:11:11.363" level="INFO">${content_in_json} = {'data': {'id': 2, 'email': 'janet.weaver@reqres.in', 'first_name': 'Janet', 'last_name': 'Weaver', 'avatar': 'https://reqres.in/img/faces/2-image.jpg'}, 'support': {'url': 'https://reqres.in/#support...</msg>
<status status="PASS" starttime="20211215 10:11:11.362" endtime="20211215 10:11:11.363"/>
</kw>
<kw name="Log To Console" library="BuiltIn">
<arg>"content in json : "${content_in_json}</arg>
<doc>Logs the given message to the console.</doc>
<status status="PASS" starttime="20211215 10:11:11.363" endtime="20211215 10:11:11.364"/>
</kw>
<kw name="Get Value From Json" library="JSONLibrary">
<var>${json_path_url}</var>
<arg>${content_in_json}</arg>
<arg>$.support.url</arg>
<doc>Get Value From JSON using JSONPath</doc>
<msg timestamp="20211215 10:11:11.411" level="INFO">${json_path_url} = ['https://reqres.in/#support-heading']</msg>
<status status="PASS" starttime="20211215 10:11:11.364" endtime="20211215 10:11:11.411"/>
</kw>
<kw name="Log To Console" library="BuiltIn">
<arg>"json_path_url : "${json_path_url[0]}</arg>
<doc>Logs the given message to the console.</doc>
<status status="PASS" starttime="20211215 10:11:11.411" endtime="20211215 10:11:11.412"/>
</kw>
<status status="PASS" starttime="20211215 10:11:11.236" endtime="20211215 10:11:11.412"/>
</test>
<status status="PASS" starttime="20211215 10:11:10.911" endtime="20211215 10:11:11.413"/>
</suite>
<statistics>
<total>
<stat pass="1" fail="0" skip="0">All Tests</stat>
</total>
<tag>
</tag>
<suite>
<stat pass="1" fail="0" skip="0" id="s1" name="TC1 GET Request toJSON">TC1 GET Request toJSON</stat>
</suite>
</statistics>
<errors>
<msg timestamp="20211215 10:11:11.362" level="WARN">Keyword 'RequestsLibrary.To Json' is deprecated. Please use ${resp.json()} instead. Have a look at the improved HTML output as pretty printing replacement.</msg>
</errors>
</robot>
